<?xml version="1.0" encoding="UTF-8"?>
<testsuite xmlns:xsi="http://www.w3.org/2001/XMLSchema-instance" xsi:noNamespaceSchemaLocation="https://maven.apache.org/surefire/maven-surefire-plugin/xsd/surefire-test-report-3.0.xsd" version="3.0" name="comteksen.testapi.TestApiApplicationTests" time="2.611" tests="1" errors="0" skipped="0" failures="0">
  <properties>
[...]
</properties>
  <testcase name="contextLoads" classname="comteksen.testapi.TestApiApplicationTests" time="0.777">
    <system-out><![CDATA[10:37:05.868 [main] INFO org.springframework.test.context.support.AnnotationConfigContextLoaderUtils -- Could not detect default configuration classes for test class [comteksen.testapi.TestApiApplicationTests]: TestApiApplicationTests does not declare any static, non-private, non-final, nested classes annotated with @Configuration.
10:37:05.974 [main] INFO org.springframework.boot.test.context.SpringBootTestContextBootstrapper -- Found @SpringBootConfiguration comteksen.testapi.TestApiApplication for test class comteksen.testapi.TestApiApplicationTests

  .   ____          _            __ _ _
 /\\ / ___'_ __ _ _(_)_ __  __ _ \ \ \ \
( ( )\___ | '_ | '_| | '_ \/ _` | \ \ \ \
 \\/  ___)| |_)| | | | | || (_| |  ) ) ) )
  '  |____| .__|_| |_|_| |_\__, | / / / /
 =========|_|==============|___/=/_/_/_/
 :: Spring Boot ::                (v3.1.2)

2023-08-19T10:37:06.424+03:00  INFO 22736 --- [           main] c.testapi.TestApiApplicationTests        : Starting TestApiApplicationTests using Java 19.0.1 with PID 22736 (started by erena in C:\Users\erena\Desktop\SpringBootProjeleri\test-api)
2023-08-19T10:37:06.425+03:00  INFO 22736 --- [           main] c.testapi.TestApiApplicationTests        : No active profile set, falling back to 1 default profile: "default"
2023-08-19T10:37:07.528+03:00  INFO 22736 --- [           main] c.testapi.TestApiApplicationTests        : Started TestApiApplicationTests in 1.432 seconds (process running for 2.274)
]]></system-out>
  </testcase>
</testsuite>